<?xml version="1.0" encoding="UTF-8"?>
<testng-results skipped="0" failed="0" ignored="0" total="1" passed="1">
  <reporter-output>
  </reporter-output>
  <suite name="Default suite" duration-ms="10485" started-at="2017-05-30T15:52:43Z" finished-at="2017-05-30T15:52:53Z">
    <groups>
    </groups>
    <test name="Default test" duration-ms="10485" started-at="2017-05-30T15:52:43Z" finished-at="2017-05-30T15:52:53Z">
      <class name="testCases.TestCase1">
        <test-method status="PASS" signature="testTestCase1()[pri:0, instance:testCases.TestCase1@29774679]" name="testTestCase1" duration-ms="10415" started-at="2017-05-30T22:52:43Z" finished-at="2017-05-30T22:52:53Z">
          <reporter-output>
          </reporter-output>
        </test-method> <!-- testTestCase1 -->
      </class> <!-- testCases.TestCase1 -->
    </test> <!-- Default test -->
  </suite> <!-- Default suite -->
</testng-results>
