<?xml version="1.0" encoding="UTF-8"?>
<testng-results skipped="0" failed="0" ignored="0" total="2" passed="2">
  <reporter-output>
  </reporter-output>
  <suite name="Default suite" duration-ms="12701" started-at="2017-06-05T15:20:55Z" finished-at="2017-06-05T15:21:08Z">
    <groups>
    </groups>
    <test name="Default test" duration-ms="12701" started-at="2017-06-05T15:20:55Z" finished-at="2017-06-05T15:21:08Z">
      <class name="testCases.TestCase1">
        <test-method status="PASS" signature="setup()[pri:0, instance:testCases.TestCase1@5e5792a0]" name="setup" is-config="true" duration-ms="6791" started-at="2017-06-05T22:20:55Z" finished-at="2017-06-05T22:21:02Z">
          <reporter-output>
          </reporter-output>
        </test-method> <!-- setup -->
        <test-method status="PASS" signature="testClickAllMenu()[pri:0, instance:testCases.TestCase1@5e5792a0]" name="testClickAllMenu" duration-ms="1636" started-at="2017-06-05T22:21:02Z" finished-at="2017-06-05T22:21:03Z">
          <reporter-output>
          </reporter-output>
        </test-method> <!-- testClickAllMenu -->
        <test-method status="PASS" signature="testTestCase1()[pri:0, instance:testCases.TestCase1@5e5792a0]" name="testTestCase1" duration-ms="4242" started-at="2017-06-05T22:21:03Z" finished-at="2017-06-05T22:21:08Z">
          <reporter-output>
          </reporter-output>
        </test-method> <!-- testTestCase1 -->
      </class> <!-- testCases.TestCase1 -->
    </test> <!-- Default test -->
  </suite> <!-- Default suite -->
</testng-results>
